{"name": "test_check_ingredient_counter_increases_after_add_item_in_order[firefox]", "status": "failed", "statusDetails": {"message": "AssertionError: assert ('0' == '0'\n  \n    0 and '0' == '2'\n  \n  - 2\n  + 0)", "trace": "self = <test_main_page.TestMainPageFunctionality object at 0x107c47890>\ndriver = <selenium.webdriver.firefox.webdriver.WebDriver (session=\"0e852a42-6574-4537-a735-befca4ebf4e5\")>\n\n    @allure.step('Проверяем работу счетчика ингредиента после добавления в состав')\n    def test_check_ingredient_counter_increases_after_add_item_in_order(self, driver):\n        main_page = MainPage(driver)\n        main_page.open_main_page()\n        counter_before = main_page.check_ingredient_counter_before()\n        main_page.add_ingredients_in_burger()\n        counter_after = main_page.check_ingredient_counter_after()\n    \n>       assert counter_before == '0' and counter_after == '2'\nE       AssertionError: assert ('0' == '0'\nE         \nE           0 and '0' == '2'\nE         \nE         - 2\nE         + 0)\n\ntests/test_main_page.py:47: AssertionError"}, "steps": [{"name": "Проверяем работу счетчика ингредиента после добавления в состав", "status": "failed", "statusDetails": {"message": "AssertionError: assert ('0' == '0'\n  \n    0 and '0' == '2'\n  \n  - 2\n  + 0)\n", "trace": "  File \"/Library/Frameworks/Python.framework/Versions/3.13/lib/python3.13/site-packages/allure_commons/_allure.py\", line 192, in impl\n    return func(*a, **kw)\n  File \"/Users/lnlydrvr/Documents/Diplom_3/tests/test_main_page.py\", line 47, in test_check_ingredient_counter_increases_after_add_item_in_order\n    assert counter_before == '0' and counter_after == '2'\n"}, "steps": [{"name": "Переход на главную страницу", "status": "passed", "start": 1730241030392, "stop": 1730241041870}, {"name": "Проверить счетчик ингредиента до добавления ингредиента", "status": "passed", "start": 1730241041870, "stop": 1730241041882}, {"name": "Добавить ингредиент в бургер", "status": "passed", "start": 1730241041882, "stop": 1730241042414}, {"name": "Проверить счетчик ингредиента после добавления ингредиента", "status": "passed", "start": 1730241042415, "stop": 1730241042423}], "parameters": [{"name": "driver", "value": "<selenium.webdriver.firefox.webdriver.WebDriver (session=\"0e852a42-6574-4537-a735-befca4ebf4e5\")>"}], "start": 1730241030392, "stop": 1730241042423}], "parameters": [{"name": "driver", "value": "'firefox'"}], "start": 1730241030392, "stop": 1730241042424, "uuid": "226d8153-0451-4439-b12b-3de9889bafc1", "historyId": "611c0e83eab13c60d27d4faf33851e5b", "testCaseId": "fabd4d7cc264df1d94d1df383cf1cd92", "fullName": "tests.test_main_page.TestMainPageFunctionality#test_check_ingredient_counter_increases_after_add_item_in_order", "labels": [{"name": "parentSuite", "value": "tests"}, {"name": "suite", "value": "test_main_page"}, {"name": "subSuite", "value": "TestMainPageFunctionality"}, {"name": "host", "value": "MBP-Roman"}, {"name": "thread", "value": "5805-MainThread"}, {"name": "framework", "value": "pytest"}, {"name": "language", "value": "cpython3"}, {"name": "package", "value": "tests.test_main_page"}]}